<?xml version="1.0" encoding="UTF-8"?>
<!-- Generated by org.testng.reporters.JUnitReportReporter -->
<testsuite hostname="Panthers-Air.lan" failures="0" tests="2" name="baseclass.BaseTest" time="0.012" errors="0" timestamp="14 Feb 2022 02:54:51 GMT" skipped="0">
  <testcase classname="baseclass.BaseTest" name="startUP" time="0.003"/>
  <testcase classname="baseclass.BaseTest" name="startUP" time="0.009"/>
</testsuite> <!-- baseclass.BaseTest -->
