<?xml version="1.0" encoding="UTF-8"?>
<!-- Generated by org.testng.reporters.JUnitReportReporter -->
<testsuite hostname="Panthers-Air.lan" failures="0" tests="1" name="baseclass.BaseClass" time="0.000" errors="0" timestamp="14 Feb 2022 02:29:06 GMT" skipped="1">
  <testcase classname="baseclass.BaseClass" name="startUP" time="0.000">
    <skipped/>
  </testcase> <!-- startUP -->
</testsuite> <!-- baseclass.BaseClass -->
